<?xml version="1.0" encoding="UTF-8"?>
<coverage generated="1708590330237" clover="3.2.0">
  <project timestamp="1708590330237" name="All files">
    <metrics statements="19" coveredstatements="3" conditionals="0" coveredconditionals="0" methods="6" coveredmethods="0" elements="25" coveredelements="3" complexity="0" loc="19" ncloc="19" packages="3" files="4" classes="4"/>
    <package name="repositories">
      <metrics statements="15" coveredstatements="0" conditionals="0" coveredconditionals="0" methods="5" coveredmethods="0"/>
      <file name="posts.repository.js" path="C:\Users\yujin\Desktop\스파르타\개인과제\documents-2\src\repositories\posts.repository.js">
        <metrics statements="15" coveredstatements="0" conditionals="0" coveredconditionals="0" methods="5" coveredmethods="0"/>
        <line num="4" count="0" type="stmt"/>
        <line num="5" count="0" type="stmt"/>
        <line num="9" count="0" type="stmt"/>
        <line num="12" count="0" type="stmt"/>
        <line num="13" count="0" type="stmt"/>
        <line num="30" count="0" type="stmt"/>
        <line num="33" count="0" type="stmt"/>
        <line num="34" count="0" type="stmt"/>
        <line num="49" count="0" type="stmt"/>
        <line num="52" count="0" type="stmt"/>
        <line num="53" count="0" type="stmt"/>
        <line num="62" count="0" type="stmt"/>
        <line num="65" count="0" type="stmt"/>
        <line num="66" count="0" type="stmt"/>
        <line num="72" count="0" type="stmt"/>
      </file>
    </package>
    <package name="typeorm">
      <metrics statements="4" coveredstatements="3" conditionals="0" coveredconditionals="0" methods="1" coveredmethods="0"/>
      <file name="index.js" path="C:\Users\yujin\Desktop\스파르타\개인과제\documents-2\src\typeorm\index.js">
        <metrics statements="4" coveredstatements="3" conditionals="0" coveredconditionals="0" methods="1" coveredmethods="0"/>
        <line num="6" count="1" type="stmt"/>
        <line num="8" count="1" type="stmt"/>
        <line num="19" count="1" type="stmt"/>
        <line num="20" count="0" type="stmt"/>
      </file>
    </package>
    <package name="typeorm.entity">
      <metrics statements="0" coveredstatements="0" conditionals="0" coveredconditionals="0" methods="0" coveredmethods="0"/>
      <file name="post.entity.js" path="C:\Users\yujin\Desktop\스파르타\개인과제\documents-2\src\typeorm\entity\post.entity.js">
        <metrics statements="0" coveredstatements="0" conditionals="0" coveredconditionals="0" methods="0" coveredmethods="0"/>
      </file>
      <file name="user.entity.js" path="C:\Users\yujin\Desktop\스파르타\개인과제\documents-2\src\typeorm\entity\user.entity.js">
        <metrics statements="0" coveredstatements="0" conditionals="0" coveredconditionals="0" methods="0" coveredmethods="0"/>
      </file>
    </package>
  </project>
</coverage>
