{"C:\\Users\\yujin\\Desktop\\스파르타\\개인과제\\documents-2\\src\\repositories\\posts.repository.js": {"path":"C:\\Users\\yujin\\Desktop\\스파르타\\개인과제\\documents-2\\src\\repositories\\posts.repository.js","statementMap":{"0":{"start":{"line":4,"column":15},"end":{"line":13,"column":3}},"1":{"start":{"line":5,"column":23},"end":{"line":10,"column":6}},"2":{"start":{"line":11,"column":4},"end":{"line":11,"column":61}},"3":{"start":{"line":12,"column":4},"end":{"line":12,"column":22}},"4":{"start":{"line":14,"column":17},"end":{"line":33,"column":3}},"5":{"start":{"line":15,"column":18},"end":{"line":31,"column":6}},"6":{"start":{"line":32,"column":4},"end":{"line":32,"column":17}},"7":{"start":{"line":35,"column":17},"end":{"line":53,"column":3}},"8":{"start":{"line":36,"column":17},"end":{"line":51,"column":6}},"9":{"start":{"line":52,"column":4},"end":{"line":52,"column":16}},"10":{"start":{"line":55,"column":15},"end":{"line":62,"column":3}},"11":{"start":{"line":56,"column":4},"end":{"line":56,"column":30}},"12":{"start":{"line":57,"column":23},"end":{"line":59,"column":31}},"13":{"start":{"line":61,"column":4},"end":{"line":61,"column":22}},"14":{"start":{"line":64,"column":15},"end":{"line":71,"column":3}},"15":{"start":{"line":65,"column":4},"end":{"line":65,"column":23}},"16":{"start":{"line":66,"column":24},"end":{"line":68,"column":25}},"17":{"start":{"line":70,"column":4},"end":{"line":70,"column":23}}},"fnMap":{"0":{"name":"(anonymous_0)","decl":{"start":{"line":4,"column":15},"end":{"line":4,"column":16}},"loc":{"start":{"line":4,"column":31},"end":{"line":13,"column":3}},"line":4},"1":{"name":"(anonymous_1)","decl":{"start":{"line":14,"column":17},"end":{"line":14,"column":18}},"loc":{"start":{"line":14,"column":33},"end":{"line":33,"column":3}},"line":14},"2":{"name":"(anonymous_2)","decl":{"start":{"line":35,"column":17},"end":{"line":35,"column":18}},"loc":{"start":{"line":35,"column":35},"end":{"line":53,"column":3}},"line":35},"3":{"name":"(anonymous_3)","decl":{"start":{"line":55,"column":15},"end":{"line":55,"column":16}},"loc":{"start":{"line":55,"column":39},"end":{"line":62,"column":3}},"line":55},"4":{"name":"(anonymous_4)","decl":{"start":{"line":64,"column":15},"end":{"line":64,"column":16}},"loc":{"start":{"line":64,"column":33},"end":{"line":71,"column":3}},"line":64}},"branchMap":{},"s":{"0":0,"1":0,"2":0,"3":0,"4":0,"5":0,"6":0,"7":0,"8":0,"9":0,"10":0,"11":0,"12":0,"13":0,"14":0,"15":0,"16":0,"17":0},"f":{"0":0,"1":0,"2":0,"3":0,"4":0},"b":{},"_coverageSchema":"1a1c01bbd47fc00a2c39e90264f33305004495a9","hash":"94afd2ba8d769140a2bc885efe3b18a35e405216"}
,"C:\\Users\\yujin\\Desktop\\스파르타\\개인과제\\documents-2\\src\\typeorm\\index.js": {"path":"C:\\Users\\yujin\\Desktop\\스파르타\\개인과제\\documents-2\\src\\typeorm\\index.js","statementMap":{"0":{"start":{"line":6,"column":0},"end":{"line":6,"column":16}},"1":{"start":{"line":8,"column":26},"end":{"line":17,"column":2}},"2":{"start":{"line":19,"column":0},"end":{"line":21,"column":3}},"3":{"start":{"line":20,"column":2},"end":{"line":20,"column":30}}},"fnMap":{"0":{"name":"(anonymous_0)","decl":{"start":{"line":19,"column":29},"end":{"line":19,"column":30}},"loc":{"start":{"line":19,"column":35},"end":{"line":21,"column":1}},"line":19}},"branchMap":{},"s":{"0":1,"1":1,"2":1,"3":0},"f":{"0":0},"b":{},"_coverageSchema":"1a1c01bbd47fc00a2c39e90264f33305004495a9","hash":"7a84f1745c9c92eeb8f6bd022a8810baa7023738"}
,"C:\\Users\\yujin\\Desktop\\스파르타\\개인과제\\documents-2\\src\\typeorm\\entity\\post.entity.js": {"path":"C:\\Users\\yujin\\Desktop\\스파르타\\개인과제\\documents-2\\src\\typeorm\\entity\\post.entity.js","statementMap":{},"fnMap":{},"branchMap":{},"s":{},"f":{},"b":{},"_coverageSchema":"1a1c01bbd47fc00a2c39e90264f33305004495a9","hash":"73ee8545e46a47c220ef3c68c588d43342d1834b"}
,"C:\\Users\\yujin\\Desktop\\스파르타\\개인과제\\documents-2\\src\\typeorm\\entity\\user.entity.js": {"path":"C:\\Users\\yujin\\Desktop\\스파르타\\개인과제\\documents-2\\src\\typeorm\\entity\\user.entity.js","statementMap":{},"fnMap":{},"branchMap":{},"s":{},"f":{},"b":{},"_coverageSchema":"1a1c01bbd47fc00a2c39e90264f33305004495a9","hash":"362257612abc783f6b2961d30c4529acd180b6d4"}
}
