{"C:\\Users\\yujin\\Desktop\\스파르타\\개인과제\\documents-2\\src\\repositories\\posts.repository.js": {"path":"C:\\Users\\yujin\\Desktop\\스파르타\\개인과제\\documents-2\\src\\repositories\\posts.repository.js","statementMap":{"0":{"start":{"line":4,"column":15},"end":{"line":10,"column":3}},"1":{"start":{"line":5,"column":23},"end":{"line":7,"column":6}},"2":{"start":{"line":9,"column":4},"end":{"line":9,"column":22}},"3":{"start":{"line":12,"column":17},"end":{"line":31,"column":3}},"4":{"start":{"line":13,"column":18},"end":{"line":29,"column":6}},"5":{"start":{"line":30,"column":4},"end":{"line":30,"column":17}},"6":{"start":{"line":33,"column":17},"end":{"line":50,"column":3}},"7":{"start":{"line":34,"column":17},"end":{"line":48,"column":6}},"8":{"start":{"line":49,"column":4},"end":{"line":49,"column":16}},"9":{"start":{"line":52,"column":15},"end":{"line":63,"column":3}},"10":{"start":{"line":53,"column":23},"end":{"line":60,"column":5}},"11":{"start":{"line":62,"column":4},"end":{"line":62,"column":22}},"12":{"start":{"line":65,"column":15},"end":{"line":73,"column":3}},"13":{"start":{"line":66,"column":24},"end":{"line":70,"column":6}},"14":{"start":{"line":72,"column":4},"end":{"line":72,"column":23}}},"fnMap":{"0":{"name":"(anonymous_0)","decl":{"start":{"line":4,"column":15},"end":{"line":4,"column":16}},"loc":{"start":{"line":4,"column":31},"end":{"line":10,"column":3}},"line":4},"1":{"name":"(anonymous_1)","decl":{"start":{"line":12,"column":17},"end":{"line":12,"column":18}},"loc":{"start":{"line":12,"column":33},"end":{"line":31,"column":3}},"line":12},"2":{"name":"(anonymous_2)","decl":{"start":{"line":33,"column":17},"end":{"line":33,"column":18}},"loc":{"start":{"line":33,"column":35},"end":{"line":50,"column":3}},"line":33},"3":{"name":"(anonymous_3)","decl":{"start":{"line":52,"column":15},"end":{"line":52,"column":16}},"loc":{"start":{"line":52,"column":39},"end":{"line":63,"column":3}},"line":52},"4":{"name":"(anonymous_4)","decl":{"start":{"line":65,"column":15},"end":{"line":65,"column":16}},"loc":{"start":{"line":65,"column":33},"end":{"line":73,"column":3}},"line":65}},"branchMap":{},"s":{"0":0,"1":0,"2":0,"3":0,"4":0,"5":0,"6":0,"7":0,"8":0,"9":0,"10":0,"11":0,"12":0,"13":0,"14":0},"f":{"0":0,"1":0,"2":0,"3":0,"4":0},"b":{},"_coverageSchema":"1a1c01bbd47fc00a2c39e90264f33305004495a9","hash":"9e78a0b1f49c34ccc32908875ab32940efbcc940"}
,"C:\\Users\\yujin\\Desktop\\스파르타\\개인과제\\documents-2\\src\\typeorm\\index.js": {"path":"C:\\Users\\yujin\\Desktop\\스파르타\\개인과제\\documents-2\\src\\typeorm\\index.js","statementMap":{"0":{"start":{"line":6,"column":0},"end":{"line":6,"column":16}},"1":{"start":{"line":8,"column":26},"end":{"line":17,"column":2}},"2":{"start":{"line":19,"column":0},"end":{"line":21,"column":3}},"3":{"start":{"line":20,"column":2},"end":{"line":20,"column":30}}},"fnMap":{"0":{"name":"(anonymous_0)","decl":{"start":{"line":19,"column":29},"end":{"line":19,"column":30}},"loc":{"start":{"line":19,"column":35},"end":{"line":21,"column":1}},"line":19}},"branchMap":{},"s":{"0":1,"1":1,"2":1,"3":0},"f":{"0":0},"b":{},"_coverageSchema":"1a1c01bbd47fc00a2c39e90264f33305004495a9","hash":"7a84f1745c9c92eeb8f6bd022a8810baa7023738"}
,"C:\\Users\\yujin\\Desktop\\스파르타\\개인과제\\documents-2\\src\\typeorm\\entity\\post.entity.js": {"path":"C:\\Users\\yujin\\Desktop\\스파르타\\개인과제\\documents-2\\src\\typeorm\\entity\\post.entity.js","statementMap":{},"fnMap":{},"branchMap":{},"s":{},"f":{},"b":{},"_coverageSchema":"1a1c01bbd47fc00a2c39e90264f33305004495a9","hash":"73ee8545e46a47c220ef3c68c588d43342d1834b"}
,"C:\\Users\\yujin\\Desktop\\스파르타\\개인과제\\documents-2\\src\\typeorm\\entity\\user.entity.js": {"path":"C:\\Users\\yujin\\Desktop\\스파르타\\개인과제\\documents-2\\src\\typeorm\\entity\\user.entity.js","statementMap":{},"fnMap":{},"branchMap":{},"s":{},"f":{},"b":{},"_coverageSchema":"1a1c01bbd47fc00a2c39e90264f33305004495a9","hash":"362257612abc783f6b2961d30c4529acd180b6d4"}
}
