TN:
SF:src\repositories\posts.repository.js
FN:4,(anonymous_0)
FN:14,(anonymous_1)
FN:35,(anonymous_2)
FN:55,(anonymous_3)
FN:64,(anonymous_4)
FNF:5
FNH:0
FNDA:0,(anonymous_0)
FNDA:0,(anonymous_1)
FNDA:0,(anonymous_2)
FNDA:0,(anonymous_3)
FNDA:0,(anonymous_4)
DA:4,0
DA:5,0
DA:11,0
DA:12,0
DA:14,0
DA:15,0
DA:32,0
DA:35,0
DA:36,0
DA:52,0
DA:55,0
DA:56,0
DA:57,0
DA:61,0
DA:64,0
DA:65,0
DA:66,0
DA:70,0
LF:18
LH:0
BRF:0
BRH:0
end_of_record
TN:
SF:src\typeorm\index.js
FN:19,(anonymous_0)
FNF:1
FNH:0
FNDA:0,(anonymous_0)
DA:6,1
DA:8,1
DA:19,1
DA:20,0
LF:4
LH:3
BRF:0
BRH:0
end_of_record
TN:
SF:src\typeorm\entity\post.entity.js
FNF:0
FNH:0
LF:0
LH:0
BRF:0
BRH:0
end_of_record
TN:
SF:src\typeorm\entity\user.entity.js
FNF:0
FNH:0
LF:0
LH:0
BRF:0
BRH:0
end_of_record
